[03:50:31] [ServerMain/INFO]: Environment: authHost='https://authserver.mojang.com', accountsHost='https://api.mojang.com', sessionHost='https://sessionserver.mojang.com', servicesHost='https://api.minecraftservices.com', name='PROD'
[03:50:34] [ServerMain/INFO]: Loaded 7 recipes
[03:50:34] [ServerMain/INFO]: Loaded 1271 advancements
[03:50:35] [Server thread/INFO]: Starting minecraft server version 1.20.1
[03:50:35] [Server thread/INFO]: Loading properties
[03:50:35] [Server thread/INFO]: Default game type: SURVIVAL
[03:50:35] [Server thread/INFO]: Generating keypair
[03:50:35] [Server thread/INFO]: Starting Minecraft server on *:25565
[03:50:35] [Server thread/INFO]: Using epoll channel type
[03:50:35] [Server thread/WARN]: **** SERVER IS RUNNING IN OFFLINE/INSECURE MODE!
[03:50:35] [Server thread/WARN]: The server will make no attempt to authenticate usernames. Beware.
[03:50:35] [Server thread/WARN]: While this makes the game possible to play without internet access, it also opens up the ability for hackers to connect with any username they choose.
[03:50:35] [Server thread/WARN]: To change this, set "online-mode" to "true" in the server.properties file.
[03:50:35] [Server thread/INFO]: Preparing level "world"
[03:50:41] [Server thread/INFO]: Preparing start region for dimension minecraft:overworld
[03:50:46] [Worker-Main-1/INFO]: Preparing spawn area: 0%
[03:50:46] [Worker-Main-1/INFO]: Preparing spawn area: 0%
[03:50:46] [Worker-Main-1/INFO]: Preparing spawn area: 0%
[03:50:46] [Worker-Main-1/INFO]: Preparing spawn area: 0%
[03:50:46] [Worker-Main-1/INFO]: Preparing spawn area: 0%
[03:50:46] [Worker-Main-1/INFO]: Preparing spawn area: 0%
[03:50:46] [Worker-Main-1/INFO]: Preparing spawn area: 0%
[03:50:46] [Worker-Main-1/INFO]: Preparing spawn area: 0%
[03:50:46] [Worker-Main-1/INFO]: Preparing spawn area: 0%
[03:50:46] [Worker-Main-1/INFO]: Preparing spawn area: 0%
[03:50:46] [Worker-Main-1/INFO]: Preparing spawn area: 0%
[03:50:47] [Worker-Main-1/INFO]: Preparing spawn area: 0%
[03:50:47] [Worker-Main-1/INFO]: Preparing spawn area: 0%
[03:50:48] [Worker-Main-1/INFO]: Preparing spawn area: 0%
[03:50:48] [Server thread/INFO]: Time elapsed: 6901 ms
[03:50:48] [Server thread/INFO]: Done (13.178s)! For help, type "help"
[03:51:16] [Server thread/INFO]: Dekants[/[0:0:0:0:0:0:0:1%0]:59364] logged in with entity id 250 at (7.227001964657303, 64.0, -4.444258013673307)
[03:51:16] [Server thread/INFO]: Dekants joined the game
[03:51:52] [Server thread/INFO]: Dekants lost connection: You logged in from another location
[03:51:52] [Server thread/INFO]: Dekants left the game
[03:51:52] [Server thread/INFO]: Dekants[/[0:0:0:0:0:0:0:1%0]:44748] logged in with entity id 377 at (16.69999998807907, 65.0, -8.53542993586048)
[03:51:52] [Server thread/INFO]: Dekants joined the game
